<?xml version="1.0" encoding="UTF-8"?>
<testng-results ignored="0" total="1" passed="1" failed="0" skipped="0">
  <reporter-output>
  </reporter-output>
  <suite started-at="2021-09-24T09:05:51 IST" name="Default suite" finished-at="2021-09-24T09:05:52 IST" duration-ms="1106">
    <groups>
    </groups>
    <test started-at="2021-09-24T09:05:51 IST" name="Default test" finished-at="2021-09-24T09:05:52 IST" duration-ms="1106">
      <class name="PdfReaderTest">
        <test-method signature="readPDFTest()[pri:0, instance:PdfReaderTest@120f102b]" started-at="2021-09-24T09:05:51 IST" name="readPDFTest" finished-at="2021-09-24T09:05:52 IST" duration-ms="1061" status="PASS">
          <reporter-output>
          </reporter-output>
        </test-method> <!-- readPDFTest -->
      </class> <!-- PdfReaderTest -->
    </test> <!-- Default test -->
  </suite> <!-- Default suite -->
</testng-results>
